<?xml version="1.0" encoding="UTF-8"?>
<!-- Generated by org.testng.reporters.JUnitXMLReporter -->
<testsuite hostname="Arati-PC" name="Menu Testing" tests="1" failures="1" timestamp="16 May 2017 09:40:47 GMT" time="606.259" errors="0">
  <testcase name="main" time="605.499" classname="TestScripts.jibe_menu_testing">
    <failure type="java.lang.AssertionError">
      <![CDATA[java.lang.AssertionError
	at org.junit.Assert.fail(Assert.java:86)
	at org.junit.Assert.fail(Assert.java:95)
	at TestScripts.jibe_menu_testing.main(jibe_menu_testing.java:75)
... Removed 24 stack frames]]>
    </failure>
  </testcase> <!-- main -->
</testsuite> <!-- Menu Testing -->
